{"/home/ramon/open-source/api_football/src/api/fetchCountries.ts": {"path":"/home/ramon/open-source/api_football/src/api/fetchCountries.ts","statementMap":{"0":{"start":{"line":1,"column":22},"end":{"line":1,"column":null}},"1":{"start":{"line":3,"column":39},"end":{"line":14,"column":null}},"2":{"start":{"line":4,"column":21},"end":{"line":10,"column":null}},"3":{"start":{"line":11,"column":17},"end":{"line":11,"column":null}},"4":{"start":{"line":13,"column":4},"end":{"line":13,"column":null}}},"fnMap":{"0":{"name":"(anonymous_0)","decl":{"start":{"line":3,"column":39},"end":{"line":3,"column":46}},"loc":{"start":{"line":3,"column":62},"end":{"line":14,"column":null}}}},"branchMap":{},"s":{"0":2,"1":2,"2":3,"3":0,"4":0},"f":{"0":3},"b":{}}
,"/home/ramon/open-source/api_football/src/api/fetchFootballAPI.ts": {"path":"/home/ramon/open-source/api_football/src/api/fetchFootballAPI.ts","statementMap":{"0":{"start":{"line":1,"column":17},"end":{"line":1,"column":null}},"1":{"start":{"line":3,"column":32},"end":{"line":13,"column":null}},"2":{"start":{"line":4,"column":21},"end":{"line":9,"column":null}},"3":{"start":{"line":10,"column":17},"end":{"line":10,"column":null}},"4":{"start":{"line":12,"column":4},"end":{"line":12,"column":null}}},"fnMap":{"0":{"name":"(anonymous_0)","decl":{"start":{"line":3,"column":32},"end":{"line":3,"column":39}},"loc":{"start":{"line":3,"column":55},"end":{"line":13,"column":null}}}},"branchMap":{},"s":{"0":2,"1":2,"2":0,"3":0,"4":0},"f":{"0":0},"b":{}}
,"/home/ramon/open-source/api_football/src/api/fetchLeagues.ts": {"path":"/home/ramon/open-source/api_football/src/api/fetchLeagues.ts","statementMap":{"0":{"start":{"line":1,"column":20},"end":{"line":1,"column":null}},"1":{"start":{"line":3,"column":37},"end":{"line":14,"column":null}},"2":{"start":{"line":4,"column":21},"end":{"line":10,"column":null}},"3":{"start":{"line":11,"column":17},"end":{"line":11,"column":null}},"4":{"start":{"line":13,"column":4},"end":{"line":13,"column":null}}},"fnMap":{"0":{"name":"(anonymous_0)","decl":{"start":{"line":3,"column":37},"end":{"line":3,"column":44}},"loc":{"start":{"line":3,"column":81},"end":{"line":14,"column":null}}}},"branchMap":{},"s":{"0":2,"1":2,"2":3,"3":0,"4":0},"f":{"0":3},"b":{}}
,"/home/ramon/open-source/api_football/src/api/fetchPlayers.ts": {"path":"/home/ramon/open-source/api_football/src/api/fetchPlayers.ts","statementMap":{"0":{"start":{"line":1,"column":20},"end":{"line":1,"column":null}},"1":{"start":{"line":3,"column":37},"end":{"line":14,"column":null}},"2":{"start":{"line":4,"column":21},"end":{"line":10,"column":null}},"3":{"start":{"line":11,"column":17},"end":{"line":11,"column":null}},"4":{"start":{"line":13,"column":4},"end":{"line":13,"column":null}}},"fnMap":{"0":{"name":"(anonymous_0)","decl":{"start":{"line":3,"column":37},"end":{"line":3,"column":44}},"loc":{"start":{"line":3,"column":90},"end":{"line":14,"column":null}}}},"branchMap":{},"s":{"0":1,"1":1,"2":0,"3":0,"4":0},"f":{"0":0},"b":{}}
,"/home/ramon/open-source/api_football/src/api/fetchSeasons.ts": {"path":"/home/ramon/open-source/api_football/src/api/fetchSeasons.ts","statementMap":{"0":{"start":{"line":1,"column":20},"end":{"line":1,"column":null}},"1":{"start":{"line":3,"column":37},"end":{"line":14,"column":null}},"2":{"start":{"line":4,"column":21},"end":{"line":10,"column":null}},"3":{"start":{"line":11,"column":17},"end":{"line":11,"column":null}},"4":{"start":{"line":13,"column":4},"end":{"line":13,"column":null}}},"fnMap":{"0":{"name":"(anonymous_0)","decl":{"start":{"line":3,"column":37},"end":{"line":3,"column":44}},"loc":{"start":{"line":3,"column":60},"end":{"line":14,"column":null}}}},"branchMap":{},"s":{"0":2,"1":2,"2":3,"3":0,"4":0},"f":{"0":3},"b":{}}
,"/home/ramon/open-source/api_football/src/api/fetchTeamStatistics.ts": {"path":"/home/ramon/open-source/api_football/src/api/fetchTeamStatistics.ts","statementMap":{"0":{"start":{"line":1,"column":16},"end":{"line":1,"column":null}},"1":{"start":{"line":3,"column":45},"end":{"line":15,"column":null}},"2":{"start":{"line":4,"column":21},"end":{"line":10,"column":null}},"3":{"start":{"line":12,"column":17},"end":{"line":12,"column":null}},"4":{"start":{"line":14,"column":4},"end":{"line":14,"column":null}}},"fnMap":{"0":{"name":"(anonymous_0)","decl":{"start":{"line":3,"column":45},"end":{"line":3,"column":52}},"loc":{"start":{"line":3,"column":100},"end":{"line":15,"column":null}}}},"branchMap":{},"s":{"0":1,"1":1,"2":0,"3":0,"4":0},"f":{"0":0},"b":{}}
,"/home/ramon/open-source/api_football/src/api/fetchTeams.ts": {"path":"/home/ramon/open-source/api_football/src/api/fetchTeams.ts","statementMap":{"0":{"start":{"line":1,"column":18},"end":{"line":1,"column":null}},"1":{"start":{"line":3,"column":35},"end":{"line":14,"column":null}},"2":{"start":{"line":4,"column":21},"end":{"line":10,"column":null}},"3":{"start":{"line":11,"column":17},"end":{"line":11,"column":null}},"4":{"start":{"line":13,"column":4},"end":{"line":13,"column":null}}},"fnMap":{"0":{"name":"(anonymous_0)","decl":{"start":{"line":3,"column":35},"end":{"line":3,"column":41}},"loc":{"start":{"line":3,"column":89},"end":{"line":14,"column":null}}}},"branchMap":{},"s":{"0":2,"1":2,"2":0,"3":0,"4":0},"f":{"0":0},"b":{}}
,"/home/ramon/open-source/api_football/src/components/Header/Header.tsx": {"path":"/home/ramon/open-source/api_football/src/components/Header/Header.tsx","statementMap":{"0":{"start":{"line":4,"column":2},"end":{"line":9,"column":null}}},"fnMap":{"0":{"name":"Header","decl":{"start":{"line":3,"column":9},"end":{"line":3,"column":18}},"loc":{"start":{"line":3,"column":18},"end":{"line":11,"column":null}}}},"branchMap":{},"s":{"0":3},"f":{"0":3},"b":{}}
,"/home/ramon/open-source/api_football/src/components/LoginForms/index.tsx": {"path":"/home/ramon/open-source/api_football/src/components/LoginForms/index.tsx","statementMap":{"0":{"start":{"line":6,"column":25},"end":{"line":17,"column":null}},"1":{"start":{"line":7,"column":8},"end":{"line":7,"column":null}},"2":{"start":{"line":8,"column":21},"end":{"line":8,"column":null}},"3":{"start":{"line":9,"column":22},"end":{"line":9,"column":null}},"4":{"start":{"line":10,"column":28},"end":{"line":10,"column":null}},"5":{"start":{"line":11,"column":8},"end":{"line":14,"column":null}},"6":{"start":{"line":12,"column":12},"end":{"line":12,"column":null}},"7":{"start":{"line":13,"column":12},"end":{"line":13,"column":null}},"8":{"start":{"line":15,"column":8},"end":{"line":15,"column":null}},"9":{"start":{"line":16,"column":8},"end":{"line":16,"column":null}},"10":{"start":{"line":19,"column":4},"end":{"line":39,"column":null}}},"fnMap":{"0":{"name":"LoginForms","decl":{"start":{"line":5,"column":9},"end":{"line":5,"column":22}},"loc":{"start":{"line":5,"column":22},"end":{"line":41,"column":null}}},"1":{"name":"(anonymous_1)","decl":{"start":{"line":6,"column":25},"end":{"line":6,"column":32}},"loc":{"start":{"line":6,"column":66},"end":{"line":17,"column":null}}}},"branchMap":{"0":{"loc":{"start":{"line":11,"column":8},"end":{"line":14,"column":null}},"type":"if","locations":[{"start":{"line":11,"column":8},"end":{"line":14,"column":null}},{"start":{"line":11,"column":8},"end":{"line":14,"column":null}}]}},"s":{"0":9,"1":0,"2":0,"3":0,"4":0,"5":0,"6":0,"7":0,"8":0,"9":0,"10":9},"f":{"0":9,"1":0},"b":{"0":[0,0]}}
,"/home/ramon/open-source/api_football/src/components/Selects/index.tsx": {"path":"/home/ramon/open-source/api_football/src/components/Selects/index.tsx","statementMap":{"0":{"start":{"line":22,"column":20},"end":{"line":22,"column":null}},"1":{"start":{"line":23,"column":40},"end":{"line":23,"column":null}},"2":{"start":{"line":24,"column":38},"end":{"line":24,"column":null}},"3":{"start":{"line":25,"column":38},"end":{"line":25,"column":null}},"4":{"start":{"line":26,"column":34},"end":{"line":26,"column":null}},"5":{"start":{"line":27,"column":38},"end":{"line":27,"column":null}},"6":{"start":{"line":28,"column":34},"end":{"line":28,"column":null}},"7":{"start":{"line":29,"column":30},"end":{"line":29,"column":null}},"8":{"start":{"line":31,"column":23},"end":{"line":50,"column":null}},"9":{"start":{"line":32,"column":8},"end":{"line":32,"column":null}},"10":{"start":{"line":32,"column":22},"end":{"line":32,"column":null}},"11":{"start":{"line":34,"column":8},"end":{"line":49,"column":null}},"12":{"start":{"line":35,"column":12},"end":{"line":46,"column":null}},"13":{"start":{"line":39,"column":45},"end":{"line":39,"column":null}},"14":{"start":{"line":40,"column":16},"end":{"line":40,"column":null}},"15":{"start":{"line":41,"column":16},"end":{"line":45,"column":null}},"16":{"start":{"line":43,"column":55},"end":{"line":43,"column":null}},"17":{"start":{"line":48,"column":12},"end":{"line":48,"column":null}},"18":{"start":{"line":52,"column":4},"end":{"line":54,"column":null}},"19":{"start":{"line":53,"column":8},"end":{"line":53,"column":null}},"20":{"start":{"line":56,"column":23},"end":{"line":73,"column":null}},"21":{"start":{"line":57,"column":8},"end":{"line":57,"column":null}},"22":{"start":{"line":57,"column":22},"end":{"line":57,"column":null}},"23":{"start":{"line":58,"column":8},"end":{"line":72,"column":null}},"24":{"start":{"line":59,"column":36},"end":{"line":62,"column":null}},"25":{"start":{"line":63,"column":24},"end":{"line":68,"column":null}},"26":{"start":{"line":64,"column":41},"end":{"line":67,"column":null}},"27":{"start":{"line":69,"column":12},"end":{"line":69,"column":null}},"28":{"start":{"line":71,"column":12},"end":{"line":71,"column":null}},"29":{"start":{"line":75,"column":21},"end":{"line":97,"column":null}},"30":{"start":{"line":76,"column":8},"end":{"line":76,"column":null}},"31":{"start":{"line":76,"column":22},"end":{"line":76,"column":null}},"32":{"start":{"line":78,"column":8},"end":{"line":96,"column":null}},"33":{"start":{"line":79,"column":12},"end":{"line":95,"column":null}},"34":{"start":{"line":80,"column":38},"end":{"line":84,"column":null}},"35":{"start":{"line":85,"column":16},"end":{"line":92,"column":null}},"36":{"start":{"line":87,"column":43},"end":{"line":90,"column":null}},"37":{"start":{"line":94,"column":16},"end":{"line":94,"column":null}},"38":{"start":{"line":99,"column":32},"end":{"line":102,"column":null}},"39":{"start":{"line":100,"column":26},"end":{"line":100,"column":null}},"40":{"start":{"line":101,"column":8},"end":{"line":101,"column":null}},"41":{"start":{"line":104,"column":31},"end":{"line":108,"column":null}},"42":{"start":{"line":105,"column":26},"end":{"line":105,"column":null}},"43":{"start":{"line":106,"column":8},"end":{"line":106,"column":null}},"44":{"start":{"line":107,"column":8},"end":{"line":107,"column":null}},"45":{"start":{"line":110,"column":31},"end":{"line":114,"column":null}},"46":{"start":{"line":111,"column":26},"end":{"line":111,"column":null}},"47":{"start":{"line":112,"column":8},"end":{"line":112,"column":null}},"48":{"start":{"line":113,"column":8},"end":{"line":113,"column":null}},"49":{"start":{"line":116,"column":29},"end":{"line":119,"column":null}},"50":{"start":{"line":117,"column":26},"end":{"line":117,"column":null}},"51":{"start":{"line":118,"column":8},"end":{"line":118,"column":null}},"52":{"start":{"line":121,"column":4},"end":{"line":123,"column":null}},"53":{"start":{"line":122,"column":8},"end":{"line":122,"column":null}},"54":{"start":{"line":125,"column":4},"end":{"line":127,"column":null}},"55":{"start":{"line":126,"column":8},"end":{"line":126,"column":null}},"56":{"start":{"line":129,"column":4},"end":{"line":208,"column":null}},"57":{"start":{"line":136,"column":37},"end":{"line":136,"column":null}},"58":{"start":{"line":138,"column":24},"end":{"line":142,"column":null}},"59":{"start":{"line":154,"column":37},"end":{"line":154,"column":null}},"60":{"start":{"line":156,"column":24},"end":{"line":160,"column":null}},"61":{"start":{"line":173,"column":41},"end":{"line":173,"column":null}},"62":{"start":{"line":175,"column":28},"end":{"line":179,"column":null}},"63":{"start":{"line":195,"column":41},"end":{"line":195,"column":null}},"64":{"start":{"line":197,"column":28},"end":{"line":201,"column":null}}},"fnMap":{"0":{"name":"Selects","decl":{"start":{"line":21,"column":9},"end":{"line":21,"column":19}},"loc":{"start":{"line":21,"column":19},"end":{"line":210,"column":null}}},"1":{"name":"(anonymous_1)","decl":{"start":{"line":31,"column":23},"end":{"line":31,"column":35}},"loc":{"start":{"line":31,"column":35},"end":{"line":50,"column":null}}},"2":{"name":"(anonymous_2)","decl":{"start":{"line":38,"column":20},"end":{"line":38,"column":21}},"loc":{"start":{"line":38,"column":35},"end":{"line":46,"column":13}}},"3":{"name":"(anonymous_3)","decl":{"start":{"line":43,"column":24},"end":{"line":43,"column":25}},"loc":{"start":{"line":43,"column":55},"end":{"line":43,"column":null}}},"4":{"name":"(anonymous_4)","decl":{"start":{"line":52,"column":14},"end":{"line":52,"column":20}},"loc":{"start":{"line":52,"column":20},"end":{"line":54,"column":7}}},"5":{"name":"(anonymous_5)","decl":{"start":{"line":56,"column":23},"end":{"line":56,"column":35}},"loc":{"start":{"line":56,"column":35},"end":{"line":73,"column":null}}},"6":{"name":"(anonymous_6)","decl":{"start":{"line":64,"column":16},"end":{"line":64,"column":17}},"loc":{"start":{"line":64,"column":41},"end":{"line":67,"column":null}}},"7":{"name":"(anonymous_7)","decl":{"start":{"line":75,"column":21},"end":{"line":75,"column":33}},"loc":{"start":{"line":75,"column":33},"end":{"line":97,"column":null}}},"8":{"name":"(anonymous_8)","decl":{"start":{"line":87,"column":24},"end":{"line":87,"column":25}},"loc":{"start":{"line":87,"column":43},"end":{"line":90,"column":null}}},"9":{"name":"(anonymous_9)","decl":{"start":{"line":99,"column":32},"end":{"line":99,"column":33}},"loc":{"start":{"line":99,"column":71},"end":{"line":102,"column":null}}},"10":{"name":"(anonymous_10)","decl":{"start":{"line":104,"column":31},"end":{"line":104,"column":32}},"loc":{"start":{"line":104,"column":70},"end":{"line":108,"column":null}}},"11":{"name":"(anonymous_11)","decl":{"start":{"line":110,"column":31},"end":{"line":110,"column":32}},"loc":{"start":{"line":110,"column":70},"end":{"line":114,"column":null}}},"12":{"name":"(anonymous_12)","decl":{"start":{"line":116,"column":29},"end":{"line":116,"column":30}},"loc":{"start":{"line":116,"column":68},"end":{"line":119,"column":null}}},"13":{"name":"(anonymous_13)","decl":{"start":{"line":121,"column":14},"end":{"line":121,"column":20}},"loc":{"start":{"line":121,"column":20},"end":{"line":123,"column":7}}},"14":{"name":"(anonymous_14)","decl":{"start":{"line":125,"column":14},"end":{"line":125,"column":20}},"loc":{"start":{"line":125,"column":20},"end":{"line":127,"column":7}}},"15":{"name":"(anonymous_15)","decl":{"start":{"line":136,"column":30},"end":{"line":136,"column":31}},"loc":{"start":{"line":136,"column":37},"end":{"line":136,"column":null}}},"16":{"name":"(anonymous_16)","decl":{"start":{"line":137,"column":35},"end":{"line":137,"column":36}},"loc":{"start":{"line":138,"column":24},"end":{"line":142,"column":null}}},"17":{"name":"(anonymous_17)","decl":{"start":{"line":154,"column":30},"end":{"line":154,"column":31}},"loc":{"start":{"line":154,"column":37},"end":{"line":154,"column":null}}},"18":{"name":"(anonymous_18)","decl":{"start":{"line":155,"column":33},"end":{"line":155,"column":34}},"loc":{"start":{"line":156,"column":24},"end":{"line":160,"column":null}}},"19":{"name":"(anonymous_19)","decl":{"start":{"line":173,"column":34},"end":{"line":173,"column":35}},"loc":{"start":{"line":173,"column":41},"end":{"line":173,"column":null}}},"20":{"name":"(anonymous_20)","decl":{"start":{"line":174,"column":37},"end":{"line":174,"column":38}},"loc":{"start":{"line":175,"column":28},"end":{"line":179,"column":null}}},"21":{"name":"(anonymous_21)","decl":{"start":{"line":195,"column":34},"end":{"line":195,"column":35}},"loc":{"start":{"line":195,"column":41},"end":{"line":195,"column":null}}},"22":{"name":"(anonymous_22)","decl":{"start":{"line":196,"column":35},"end":{"line":196,"column":36}},"loc":{"start":{"line":197,"column":28},"end":{"line":201,"column":null}}}},"branchMap":{"0":{"loc":{"start":{"line":32,"column":8},"end":{"line":32,"column":null}},"type":"if","locations":[{"start":{"line":32,"column":8},"end":{"line":32,"column":null}},{"start":{"line":32,"column":8},"end":{"line":32,"column":null}}]},"1":{"loc":{"start":{"line":57,"column":8},"end":{"line":57,"column":null}},"type":"if","locations":[{"start":{"line":57,"column":8},"end":{"line":57,"column":null}},{"start":{"line":57,"column":8},"end":{"line":57,"column":null}}]},"2":{"loc":{"start":{"line":76,"column":8},"end":{"line":76,"column":null}},"type":"if","locations":[{"start":{"line":76,"column":8},"end":{"line":76,"column":null}},{"start":{"line":76,"column":8},"end":{"line":76,"column":null}}]},"3":{"loc":{"start":{"line":78,"column":8},"end":{"line":96,"column":null}},"type":"if","locations":[{"start":{"line":78,"column":8},"end":{"line":96,"column":null}},{"start":{"line":78,"column":8},"end":{"line":96,"column":null}}]},"4":{"loc":{"start":{"line":165,"column":13},"end":{"line":184,"column":null}},"type":"cond-expr","locations":[{"start":{"line":166,"column":16},"end":{"line":182,"column":null}},{"start":{"line":184,"column":16},"end":{"line":184,"column":null}}]},"5":{"loc":{"start":{"line":187,"column":13},"end":{"line":206,"column":null}},"type":"cond-expr","locations":[{"start":{"line":188,"column":16},"end":{"line":204,"column":null}},{"start":{"line":206,"column":16},"end":{"line":206,"column":null}}]}},"s":{"0":3,"1":3,"2":3,"3":3,"4":3,"5":3,"6":3,"7":3,"8":3,"9":3,"10":0,"11":3,"12":3,"13":0,"14":0,"15":0,"16":0,"17":0,"18":3,"19":3,"20":3,"21":3,"22":0,"23":3,"24":3,"25":0,"26":0,"27":0,"28":0,"29":3,"30":3,"31":0,"32":3,"33":0,"34":0,"35":0,"36":0,"37":0,"38":3,"39":0,"40":0,"41":3,"42":0,"43":0,"44":0,"45":3,"46":0,"47":0,"48":0,"49":3,"50":0,"51":0,"52":3,"53":3,"54":3,"55":3,"56":3,"57":0,"58":0,"59":0,"60":0,"61":0,"62":0,"63":0,"64":0},"f":{"0":3,"1":3,"2":0,"3":0,"4":3,"5":3,"6":0,"7":3,"8":0,"9":0,"10":0,"11":0,"12":0,"13":3,"14":3,"15":0,"16":0,"17":0,"18":0,"19":0,"20":0,"21":0,"22":0},"b":{"0":[0,3],"1":[0,3],"2":[0,3],"3":[0,3],"4":[0,3],"5":[0,3]}}
,"/home/ramon/open-source/api_football/src/components/TeamCard/index.tsx": {"path":"/home/ramon/open-source/api_football/src/components/TeamCard/index.tsx","statementMap":{"0":{"start":{"line":14,"column":34},"end":{"line":14,"column":null}},"1":{"start":{"line":15,"column":20},"end":{"line":15,"column":null}},"2":{"start":{"line":16,"column":17},"end":{"line":16,"column":null}},"3":{"start":{"line":17,"column":19},"end":{"line":17,"column":null}},"4":{"start":{"line":19,"column":23},"end":{"line":43,"column":null}},"5":{"start":{"line":20,"column":8},"end":{"line":20,"column":null}},"6":{"start":{"line":20,"column":22},"end":{"line":20,"column":null}},"7":{"start":{"line":22,"column":8},"end":{"line":42,"column":null}},"8":{"start":{"line":23,"column":12},"end":{"line":41,"column":null}},"9":{"start":{"line":24,"column":40},"end":{"line":28,"column":null}},"10":{"start":{"line":29,"column":16},"end":{"line":38,"column":null}},"11":{"start":{"line":31,"column":24},"end":{"line":36,"column":null}},"12":{"start":{"line":40,"column":16},"end":{"line":40,"column":null}},"13":{"start":{"line":45,"column":4},"end":{"line":47,"column":null}},"14":{"start":{"line":46,"column":8},"end":{"line":46,"column":null}},"15":{"start":{"line":49,"column":4},"end":{"line":65,"column":null}},"16":{"start":{"line":56,"column":28},"end":{"line":60,"column":null}}},"fnMap":{"0":{"name":"TeamCard","decl":{"start":{"line":13,"column":9},"end":{"line":13,"column":20}},"loc":{"start":{"line":13,"column":20},"end":{"line":67,"column":null}}},"1":{"name":"(anonymous_1)","decl":{"start":{"line":19,"column":23},"end":{"line":19,"column":35}},"loc":{"start":{"line":19,"column":35},"end":{"line":43,"column":null}}},"2":{"name":"(anonymous_2)","decl":{"start":{"line":30,"column":49},"end":{"line":30,"column":50}},"loc":{"start":{"line":30,"column":73},"end":{"line":37,"column":21}}},"3":{"name":"(anonymous_3)","decl":{"start":{"line":45,"column":14},"end":{"line":45,"column":20}},"loc":{"start":{"line":45,"column":20},"end":{"line":47,"column":7}}},"4":{"name":"(anonymous_4)","decl":{"start":{"line":55,"column":37},"end":{"line":55,"column":38}},"loc":{"start":{"line":56,"column":28},"end":{"line":60,"column":null}}}},"branchMap":{"0":{"loc":{"start":{"line":20,"column":8},"end":{"line":20,"column":null}},"type":"if","locations":[{"start":{"line":20,"column":8},"end":{"line":20,"column":null}},{"start":{"line":20,"column":8},"end":{"line":20,"column":null}}]},"1":{"loc":{"start":{"line":22,"column":8},"end":{"line":42,"column":null}},"type":"if","locations":[{"start":{"line":22,"column":8},"end":{"line":42,"column":null}},{"start":{"line":22,"column":8},"end":{"line":42,"column":null}}]},"2":{"loc":{"start":{"line":22,"column":12},"end":{"line":22,"column":28}},"type":"binary-expr","locations":[{"start":{"line":22,"column":12},"end":{"line":22,"column":20}},{"start":{"line":22,"column":20},"end":{"line":22,"column":28}}]},"3":{"loc":{"start":{"line":51,"column":13},"end":{"line":63,"column":null}},"type":"binary-expr","locations":[{"start":{"line":51,"column":13},"end":{"line":51,"column":null}},{"start":{"line":52,"column":16},"end":{"line":63,"column":null}}]}},"s":{"0":2,"1":2,"2":2,"3":2,"4":2,"5":2,"6":0,"7":2,"8":0,"9":0,"10":0,"11":0,"12":0,"13":2,"14":2,"15":2,"16":0},"f":{"0":2,"1":2,"2":0,"3":2,"4":0},"b":{"0":[0,2],"1":[0,2],"2":[2,0],"3":[2,0]}}
,"/home/ramon/open-source/api_football/src/components/TeamStatisticsCard/index.tsx": {"path":"/home/ramon/open-source/api_football/src/components/TeamStatisticsCard/index.tsx","statementMap":{"0":{"start":{"line":13,"column":20},"end":{"line":13,"column":null}},"1":{"start":{"line":14,"column":17},"end":{"line":14,"column":null}},"2":{"start":{"line":15,"column":19},"end":{"line":15,"column":null}},"3":{"start":{"line":16,"column":19},"end":{"line":16,"column":null}},"4":{"start":{"line":17,"column":49},"end":{"line":17,"column":null}},"5":{"start":{"line":19,"column":19},"end":{"line":32,"column":null}},"6":{"start":{"line":34,"column":31},"end":{"line":53,"column":null}},"7":{"start":{"line":35,"column":8},"end":{"line":35,"column":null}},"8":{"start":{"line":35,"column":22},"end":{"line":35,"column":null}},"9":{"start":{"line":37,"column":8},"end":{"line":52,"column":null}},"10":{"start":{"line":38,"column":12},"end":{"line":51,"column":null}},"11":{"start":{"line":40,"column":20},"end":{"line":40,"column":null}},"12":{"start":{"line":41,"column":16},"end":{"line":48,"column":null}},"13":{"start":{"line":43,"column":58},"end":{"line":46,"column":null}},"14":{"start":{"line":50,"column":16},"end":{"line":50,"column":null}},"15":{"start":{"line":55,"column":4},"end":{"line":57,"column":null}},"16":{"start":{"line":56,"column":8},"end":{"line":56,"column":null}},"17":{"start":{"line":59,"column":4},"end":{"line":82,"column":null}},"18":{"start":{"line":73,"column":32},"end":{"line":76,"column":null}}},"fnMap":{"0":{"name":"TeamsStatisticsCard","decl":{"start":{"line":12,"column":9},"end":{"line":12,"column":31}},"loc":{"start":{"line":12,"column":31},"end":{"line":84,"column":null}}},"1":{"name":"(anonymous_1)","decl":{"start":{"line":34,"column":31},"end":{"line":34,"column":43}},"loc":{"start":{"line":34,"column":43},"end":{"line":53,"column":null}}},"2":{"name":"(anonymous_2)","decl":{"start":{"line":43,"column":24},"end":{"line":43,"column":25}},"loc":{"start":{"line":43,"column":58},"end":{"line":46,"column":null}}},"3":{"name":"(anonymous_3)","decl":{"start":{"line":55,"column":14},"end":{"line":55,"column":20}},"loc":{"start":{"line":55,"column":20},"end":{"line":57,"column":7}}},"4":{"name":"(anonymous_4)","decl":{"start":{"line":72,"column":48},"end":{"line":72,"column":49}},"loc":{"start":{"line":73,"column":32},"end":{"line":76,"column":null}}}},"branchMap":{"0":{"loc":{"start":{"line":35,"column":8},"end":{"line":35,"column":null}},"type":"if","locations":[{"start":{"line":35,"column":8},"end":{"line":35,"column":null}},{"start":{"line":35,"column":8},"end":{"line":35,"column":null}}]},"1":{"loc":{"start":{"line":37,"column":8},"end":{"line":52,"column":null}},"type":"if","locations":[{"start":{"line":37,"column":8},"end":{"line":52,"column":null}},{"start":{"line":37,"column":8},"end":{"line":52,"column":null}}]},"2":{"loc":{"start":{"line":37,"column":12},"end":{"line":37,"column":38}},"type":"binary-expr","locations":[{"start":{"line":37,"column":12},"end":{"line":37,"column":20}},{"start":{"line":37,"column":20},"end":{"line":37,"column":30}},{"start":{"line":37,"column":30},"end":{"line":37,"column":38}}]},"3":{"loc":{"start":{"line":61,"column":13},"end":{"line":80,"column":null}},"type":"binary-expr","locations":[{"start":{"line":61,"column":13},"end":{"line":61,"column":null}},{"start":{"line":62,"column":16},"end":{"line":80,"column":null}}]}},"s":{"0":2,"1":2,"2":2,"3":2,"4":2,"5":2,"6":2,"7":2,"8":0,"9":2,"10":0,"11":0,"12":0,"13":0,"14":0,"15":2,"16":2,"17":2,"18":0},"f":{"0":2,"1":2,"2":0,"3":2,"4":0},"b":{"0":[0,2],"1":[0,2],"2":[2,0,0],"3":[2,0]}}
,"/home/ramon/open-source/api_football/src/pages/Home.tsx": {"path":"/home/ramon/open-source/api_football/src/pages/Home.tsx","statementMap":{"0":{"start":{"line":7,"column":4},"end":{"line":13,"column":null}}},"fnMap":{"0":{"name":"Home","decl":{"start":{"line":6,"column":9},"end":{"line":6,"column":16}},"loc":{"start":{"line":6,"column":16},"end":{"line":15,"column":null}}}},"branchMap":{},"s":{"0":2},"f":{"0":2},"b":{}}
,"/home/ramon/open-source/api_football/src/pages/Login.tsx": {"path":"/home/ramon/open-source/api_football/src/pages/Login.tsx","statementMap":{"0":{"start":{"line":4,"column":4},"end":{"line":4,"column":null}}},"fnMap":{"0":{"name":"Login","decl":{"start":{"line":3,"column":9},"end":{"line":3,"column":17}},"loc":{"start":{"line":3,"column":17},"end":{"line":5,"column":null}}}},"branchMap":{},"s":{"0":2},"f":{"0":2},"b":{}}
}
